build/app/intermediates/manifest_merge_blame_file/debug/manifest-merger-blame-debug-report.txt
1<?xml version="1.0" encoding="utf-8"?>
2<manifest xmlns:android="http://schemas.android.com/apk/res/android"
3    package="com.example.google_map"
4    android:versionCode="1"
5    android:versionName="1.0.0" >
6
7    <uses-sdk
8        android:minSdkVersion="16"
9        android:targetSdkVersion="28" />
10    <!--
11         Flutter needs it to communicate with the running application
12         to allow setting breakpoints, to provide hot reload, etc.
13    -->
14    <uses-permission android:name="android.permission.INTERNET" />
14-->src/debug/AndroidManifest.xml:6:5-66
14-->src/debug/AndroidManifest.xml:6:22-64
15    <!-- Include required permissions for Google Maps API to run. -->
16    <uses-permission android:name="android.permission.ACCESS_NETWORK_STATE" />
16-->[com.google.android.gms:play-services-maps:17.0.0] AndroidManifest.xml:23:5-79
16-->[com.google.android.gms:play-services-maps:17.0.0] AndroidManifest.xml:23:22-76
17
18    <uses-feature
18-->[com.google.android.gms:play-services-maps:17.0.0] AndroidManifest.xml:26:5-28:35
19        android:glEsVersion="0x00020000"
19-->[com.google.android.gms:play-services-maps:17.0.0] AndroidManifest.xml:27:9-41
20        android:required="true" />
20-->[com.google.android.gms:play-services-maps:17.0.0] AndroidManifest.xml:28:9-32
21    <!--
22 io.flutter.app.FlutterApplication is an android.app.Application that
23         calls FlutterMain.startInitialization(this); in its onCreate method.
24         In most cases you can leave this as-is, but you if you want to provide
25         additional functionality it is fine to subclass or reimplement
26         FlutterApplication and put your custom class here.
27    -->
28    <application
28-->src/main/AndroidManifest.xml:8:5-49:19
29        android:name="io.flutter.app.FlutterApplication"
29-->src/main/AndroidManifest.xml:9:9-57
30        android:appComponentFactory="androidx.core.app.CoreComponentFactory"
30-->[androidx.core:core:1.1.0] AndroidManifest.xml:24:18-86
31        android:debuggable="true"
32        android:icon="@mipmap/ic_launcher"
32-->src/main/AndroidManifest.xml:11:9-43
33        android:label="google_map" >
33-->src/main/AndroidManifest.xml:10:9-35
34        <meta-data
34-->src/main/AndroidManifest.xml:13:9-14:73
35            android:name="com.google.android.geo.API_KEY"
35-->src/main/AndroidManifest.xml:13:20-65
36            android:value="AIzaSyCht8pfw9Enq7h7VhKQ-ev1fJuoy13ZWIo" />
36-->src/main/AndroidManifest.xml:14:16-71
37
38        <activity
38-->src/main/AndroidManifest.xml:15:9-43:20
39            android:name="com.example.google_map.MainActivity"
39-->src/main/AndroidManifest.xml:16:13-41
40            android:configChanges="orientation|keyboardHidden|keyboard|screenSize|smallestScreenSize|locale|layoutDirection|fontScale|screenLayout|density|uiMode"
40-->src/main/AndroidManifest.xml:19:13-163
41            android:hardwareAccelerated="true"
41-->src/main/AndroidManifest.xml:20:13-47
42            android:launchMode="singleTop"
42-->src/main/AndroidManifest.xml:17:13-43
43            android:theme="@style/LaunchTheme"
43-->src/main/AndroidManifest.xml:18:13-47
44            android:windowSoftInputMode="adjustResize" >
44-->src/main/AndroidManifest.xml:21:13-55
45
46            <!--
47                 Specifies an Android theme to apply to this Activity as soon as
48                 the Android process has started. This theme is visible to the user
49                 while the Flutter UI initializes. After that, this theme continues
50                 to determine the Window background behind the Flutter UI.
51            -->
52            <meta-data
52-->src/main/AndroidManifest.xml:26:13-29:17
53                android:name="io.flutter.embedding.android.NormalTheme"
53-->src/main/AndroidManifest.xml:27:15-70
54                android:resource="@style/NormalTheme" />
54-->src/main/AndroidManifest.xml:28:15-52
55            <!--
56                 Displays an Android View that continues showing the launch screen
57                 Drawable until Flutter paints its first frame, then this splash
58                 screen fades out. A splash screen is useful to avoid any visual
59                 gap between the end of Android's launch screen and the painting of
60                 Flutter's first frame.
61            -->
62            <meta-data
62-->src/main/AndroidManifest.xml:35:13-38:17
63                android:name="io.flutter.embedding.android.SplashScreenDrawable"
63-->src/main/AndroidManifest.xml:36:15-79
64                android:resource="@drawable/launch_background" />
64-->src/main/AndroidManifest.xml:37:15-61
65
66            <intent-filter>
66-->src/main/AndroidManifest.xml:39:13-42:29
67                <action android:name="android.intent.action.MAIN" />
67-->src/main/AndroidManifest.xml:40:17-68
67-->src/main/AndroidManifest.xml:40:25-66
68
69                <category android:name="android.intent.category.LAUNCHER" />
69-->src/main/AndroidManifest.xml:41:17-76
69-->src/main/AndroidManifest.xml:41:27-74
70            </intent-filter>
71        </activity>
72        <!--
73             Don't delete the meta-data below.
74             This is used by the Flutter tool to generate GeneratedPluginRegistrant.java
75        -->
76        <meta-data
76-->src/main/AndroidManifest.xml:46:9-48:33
77            android:name="flutterEmbedding"
77-->src/main/AndroidManifest.xml:47:13-44
78            android:value="2" />
78-->src/main/AndroidManifest.xml:48:13-30
79        <!-- Needs to be explicitly declared on P+ -->
80        <uses-library
80-->[com.google.android.gms:play-services-maps:17.0.0] AndroidManifest.xml:33:9-35:40
81            android:name="org.apache.http.legacy"
81-->[com.google.android.gms:play-services-maps:17.0.0] AndroidManifest.xml:34:13-50
82            android:required="false" />
82-->[com.google.android.gms:play-services-maps:17.0.0] AndroidManifest.xml:35:13-37
83
84        <activity
84-->[com.google.android.gms:play-services-base:17.0.0] AndroidManifest.xml:23:9-26:75
85            android:name="com.google.android.gms.common.api.GoogleApiActivity"
85-->[com.google.android.gms:play-services-base:17.0.0] AndroidManifest.xml:24:13-79
86            android:exported="false"
86-->[com.google.android.gms:play-services-base:17.0.0] AndroidManifest.xml:25:13-37
87            android:theme="@android:style/Theme.Translucent.NoTitleBar" />
87-->[com.google.android.gms:play-services-base:17.0.0] AndroidManifest.xml:26:13-72
88
89        <meta-data
89-->[com.google.android.gms:play-services-basement:17.0.0] AndroidManifest.xml:23:9-25:69
90            android:name="com.google.android.gms.version"
90-->[com.google.android.gms:play-services-basement:17.0.0] AndroidManifest.xml:24:13-58
91            android:value="@integer/google_play_services_version" />
91-->[com.google.android.gms:play-services-basement:17.0.0] AndroidManifest.xml:25:13-66
92    </application>
93
94</manifest>